[2021-03-09 08:11:07] local.ERROR: Please provide a valid cache path. {"exception":"[object] (InvalidArgumentException(code: 0): Please provide a valid cache path. at P:\\Project\\WebSaiGonACT\\vendor\\laravel\\framework\\src\\Illuminate\\View\\Compilers\\Compiler.php:36)
[stacktrace]
#0 P:\\Project\\WebSaiGonACT\\vendor\\laravel\\framework\\src\\Illuminate\\View\\ViewServiceProvider.php(88): Illuminate\\View\\Compilers\\Compiler->__construct()
#1 P:\\Project\\WebSaiGonACT\\vendor\\laravel\\framework\\src\\Illuminate\\Container\\Container.php(826): Illuminate\\View\\ViewServiceProvider->Illuminate\\View\\{closure}()
#2 P:\\Project\\WebSaiGonACT\\vendor\\laravel\\framework\\src\\Illuminate\\Container\\Container.php(712): Illuminate\\Container\\Container->build()
#3 P:\\Project\\WebSaiGonACT\\vendor\\laravel\\framework\\src\\Illuminate\\Foundation\\Application.php(796): Illuminate\\Container\\Container->resolve()
#4 P:\\Project\\WebSaiGonACT\\vendor\\laravel\\framework\\src\\Illuminate\\Container\\Container.php(651): Illuminate\\Foundation\\Application->resolve()
#5 P:\\Project\\WebSaiGonACT\\vendor\\laravel\\framework\\src\\Illuminate\\Foundation\\Application.php(781): Illuminate\\Container\\Container->make()
#6 P:\\Project\\WebSaiGonACT\\vendor\\laravel\\framework\\src\\Illuminate\\Container\\Container.php(1354): Illuminate\\Foundation\\Application->make()
#7 P:\\Project\\WebSaiGonACT\\vendor\\laravel\\framework\\src\\Illuminate\\View\\ViewServiceProvider.php(150): Illuminate\\Container\\Container->offsetGet()
#8 [internal function]: Illuminate\\View\\ViewServiceProvider->Illuminate\\View\\{closure}()
#9 P:\\Project\\WebSaiGonACT\\vendor\\laravel\\framework\\src\\Illuminate\\View\\Engines\\EngineResolver.php(55): call_user_func()
#10 P:\\Project\\WebSaiGonACT\\vendor\\facade\\ignition\\src\\IgnitionServiceProvider.php(393): Illuminate\\View\\Engines\\EngineResolver->resolve()
#11 P:\\Project\\WebSaiGonACT\\vendor\\facade\\ignition\\src\\IgnitionServiceProvider.php(125): Facade\\Ignition\\IgnitionServiceProvider->hasCustomViewEnginesRegistered()
#12 P:\\Project\\WebSaiGonACT\\vendor\\facade\\ignition\\src\\IgnitionServiceProvider.php(84): Facade\\Ignition\\IgnitionServiceProvider->registerViewEngines()
#13 P:\\Project\\WebSaiGonACT\\vendor\\laravel\\framework\\src\\Illuminate\\Container\\BoundMethod.php(36): Facade\\Ignition\\IgnitionServiceProvider->boot()
#14 P:\\Project\\WebSaiGonACT\\vendor\\laravel\\framework\\src\\Illuminate\\Container\\Util.php(40): Illuminate\\Container\\BoundMethod::Illuminate\\Container\\{closure}()
#15 P:\\Project\\WebSaiGonACT\\vendor\\laravel\\framework\\src\\Illuminate\\Container\\BoundMethod.php(93): Illuminate\\Container\\Util::unwrapIfClosure()
#16 P:\\Project\\WebSaiGonACT\\vendor\\laravel\\framework\\src\\Illuminate\\Container\\BoundMethod.php(37): Illuminate\\Container\\BoundMethod::callBoundMethod()
#17 P:\\Project\\WebSaiGonACT\\vendor\\laravel\\framework\\src\\Illuminate\\Container\\Container.php(610): Illuminate\\Container\\BoundMethod::call()
#18 P:\\Project\\WebSaiGonACT\\vendor\\laravel\\framework\\src\\Illuminate\\Foundation\\Application.php(869): Illuminate\\Container\\Container->call()
#19 P:\\Project\\WebSaiGonACT\\vendor\\laravel\\framework\\src\\Illuminate\\Foundation\\Application.php(850): Illuminate\\Foundation\\Application->bootProvider()
#20 [internal function]: Illuminate\\Foundation\\Application->Illuminate\\Foundation\\{closure}()
#21 P:\\Project\\WebSaiGonACT\\vendor\\laravel\\framework\\src\\Illuminate\\Foundation\\Application.php(851): array_walk()
#22 P:\\Project\\WebSaiGonACT\\vendor\\laravel\\framework\\src\\Illuminate\\Foundation\\Bootstrap\\BootProviders.php(17): Illuminate\\Foundation\\Application->boot()
#23 P:\\Project\\WebSaiGonACT\\vendor\\laravel\\framework\\src\\Illuminate\\Foundation\\Application.php(230): Illuminate\\Foundation\\Bootstrap\\BootProviders->bootstrap()
#24 P:\\Project\\WebSaiGonACT\\vendor\\laravel\\framework\\src\\Illuminate\\Foundation\\Console\\Kernel.php(310): Illuminate\\Foundation\\Application->bootstrapWith()
#25 P:\\Project\\WebSaiGonACT\\vendor\\laravel\\framework\\src\\Illuminate\\Foundation\\Console\\Kernel.php(127): Illuminate\\Foundation\\Console\\Kernel->bootstrap()
#26 P:\\Project\\WebSaiGonACT\\artisan(37): Illuminate\\Foundation\\Console\\Kernel->handle()
#27 {main}
"} 
[2021-03-09 08:12:07] local.ERROR: Please provide a valid cache path. {"exception":"[object] (InvalidArgumentException(code: 0): Please provide a valid cache path. at P:\\Project\\WebSaiGonACT\\vendor\\laravel\\framework\\src\\Illuminate\\View\\Compilers\\Compiler.php:36)
[stacktrace]
#0 P:\\Project\\WebSaiGonACT\\vendor\\laravel\\framework\\src\\Illuminate\\View\\ViewServiceProvider.php(88): Illuminate\\View\\Compilers\\Compiler->__construct()
#1 P:\\Project\\WebSaiGonACT\\vendor\\laravel\\framework\\src\\Illuminate\\Container\\Container.php(826): Illuminate\\View\\ViewServiceProvider->Illuminate\\View\\{closure}()
#2 P:\\Project\\WebSaiGonACT\\vendor\\laravel\\framework\\src\\Illuminate\\Container\\Container.php(712): Illuminate\\Container\\Container->build()
#3 P:\\Project\\WebSaiGonACT\\vendor\\laravel\\framework\\src\\Illuminate\\Foundation\\Application.php(796): Illuminate\\Container\\Container->resolve()
#4 P:\\Project\\WebSaiGonACT\\vendor\\laravel\\framework\\src\\Illuminate\\Container\\Container.php(651): Illuminate\\Foundation\\Application->resolve()
#5 P:\\Project\\WebSaiGonACT\\vendor\\laravel\\framework\\src\\Illuminate\\Foundation\\Application.php(781): Illuminate\\Container\\Container->make()
#6 P:\\Project\\WebSaiGonACT\\vendor\\laravel\\framework\\src\\Illuminate\\Container\\Container.php(1354): Illuminate\\Foundation\\Application->make()
#7 P:\\Project\\WebSaiGonACT\\vendor\\laravel\\framework\\src\\Illuminate\\View\\ViewServiceProvider.php(150): Illuminate\\Container\\Container->offsetGet()
#8 [internal function]: Illuminate\\View\\ViewServiceProvider->Illuminate\\View\\{closure}()
#9 P:\\Project\\WebSaiGonACT\\vendor\\laravel\\framework\\src\\Illuminate\\View\\Engines\\EngineResolver.php(55): call_user_func()
#10 P:\\Project\\WebSaiGonACT\\vendor\\facade\\ignition\\src\\IgnitionServiceProvider.php(393): Illuminate\\View\\Engines\\EngineResolver->resolve()
#11 P:\\Project\\WebSaiGonACT\\vendor\\facade\\ignition\\src\\IgnitionServiceProvider.php(125): Facade\\Ignition\\IgnitionServiceProvider->hasCustomViewEnginesRegistered()
#12 P:\\Project\\WebSaiGonACT\\vendor\\facade\\ignition\\src\\IgnitionServiceProvider.php(84): Facade\\Ignition\\IgnitionServiceProvider->registerViewEngines()
#13 P:\\Project\\WebSaiGonACT\\vendor\\laravel\\framework\\src\\Illuminate\\Container\\BoundMethod.php(36): Facade\\Ignition\\IgnitionServiceProvider->boot()
#14 P:\\Project\\WebSaiGonACT\\vendor\\laravel\\framework\\src\\Illuminate\\Container\\Util.php(40): Illuminate\\Container\\BoundMethod::Illuminate\\Container\\{closure}()
#15 P:\\Project\\WebSaiGonACT\\vendor\\laravel\\framework\\src\\Illuminate\\Container\\BoundMethod.php(93): Illuminate\\Container\\Util::unwrapIfClosure()
#16 P:\\Project\\WebSaiGonACT\\vendor\\laravel\\framework\\src\\Illuminate\\Container\\BoundMethod.php(37): Illuminate\\Container\\BoundMethod::callBoundMethod()
#17 P:\\Project\\WebSaiGonACT\\vendor\\laravel\\framework\\src\\Illuminate\\Container\\Container.php(610): Illuminate\\Container\\BoundMethod::call()
#18 P:\\Project\\WebSaiGonACT\\vendor\\laravel\\framework\\src\\Illuminate\\Foundation\\Application.php(869): Illuminate\\Container\\Container->call()
#19 P:\\Project\\WebSaiGonACT\\vendor\\laravel\\framework\\src\\Illuminate\\Foundation\\Application.php(850): Illuminate\\Foundation\\Application->bootProvider()
#20 [internal function]: Illuminate\\Foundation\\Application->Illuminate\\Foundation\\{closure}()
#21 P:\\Project\\WebSaiGonACT\\vendor\\laravel\\framework\\src\\Illuminate\\Foundation\\Application.php(851): array_walk()
#22 P:\\Project\\WebSaiGonACT\\vendor\\laravel\\framework\\src\\Illuminate\\Foundation\\Bootstrap\\BootProviders.php(17): Illuminate\\Foundation\\Application->boot()
#23 P:\\Project\\WebSaiGonACT\\vendor\\laravel\\framework\\src\\Illuminate\\Foundation\\Application.php(230): Illuminate\\Foundation\\Bootstrap\\BootProviders->bootstrap()
#24 P:\\Project\\WebSaiGonACT\\vendor\\laravel\\framework\\src\\Illuminate\\Foundation\\Console\\Kernel.php(310): Illuminate\\Foundation\\Application->bootstrapWith()
#25 P:\\Project\\WebSaiGonACT\\vendor\\laravel\\framework\\src\\Illuminate\\Foundation\\Console\\Kernel.php(127): Illuminate\\Foundation\\Console\\Kernel->bootstrap()
#26 P:\\Project\\WebSaiGonACT\\artisan(37): Illuminate\\Foundation\\Console\\Kernel->handle()
#27 {main}
"} 
